8/28/2022 4:18:31 PM	This log contains information about the import schema operation into project 'FoodShop' on computer 'DESKTOP-VU8RMJO' by user 'Khanh'.
8/28/2022 4:18:32 PM	Import of database schema has started.
8/28/2022 4:18:43 PM	Gathering database credentials
8/28/2022 4:18:43 PM	Gathering database options
8/28/2022 4:18:43 PM	Gathering generic database scoped configuration option
8/28/2022 4:18:43 PM	Gathering users
8/28/2022 4:18:43 PM	Gathering roles
8/28/2022 4:18:43 PM	Gathering application roles
8/28/2022 4:18:43 PM	Gathering role memberships
8/28/2022 4:18:43 PM	Gathering filegroups
8/28/2022 4:18:43 PM	Gathering full-text catalogs
8/28/2022 4:18:43 PM	Gathering assemblies
8/28/2022 4:18:43 PM	Gathering certificates
8/28/2022 4:18:43 PM	Gathering asymmetric keys
8/28/2022 4:18:43 PM	Gathering symmetric keys
8/28/2022 4:18:43 PM	Gathering encrypted symmetric keys
8/28/2022 4:18:43 PM	Gathering schemas
8/28/2022 4:18:43 PM	Gathering XML schema collections
8/28/2022 4:18:43 PM	Gathering user-defined data types
8/28/2022 4:18:43 PM	Gathering user-defined types
8/28/2022 4:18:43 PM	Gathering table types
8/28/2022 4:18:43 PM	Gathering unique keys for table types
8/28/2022 4:18:43 PM	Gathering primary keys for table types
8/28/2022 4:18:43 PM	Gathering indexes for table types
8/28/2022 4:18:44 PM	Gathering check constraints for table types
8/28/2022 4:18:44 PM	Gathering default constraints for table types
8/28/2022 4:18:44 PM	Gathering partition functions
8/28/2022 4:18:44 PM	Gathering partition schemes
8/28/2022 4:18:44 PM	Gathering functions
8/28/2022 4:18:44 PM	Gathering encrypted functions
8/28/2022 4:18:44 PM	Gathering aggregates
8/28/2022 4:18:44 PM	Gathering procedures
8/28/2022 4:18:44 PM	Gathering encrypted procedures
8/28/2022 4:18:44 PM	Gathering tables
8/28/2022 4:18:45 PM	Gathering primary keys
8/28/2022 4:18:45 PM	Gathering unique constraints
8/28/2022 4:18:45 PM	Gathering foreign keys
8/28/2022 4:18:45 PM	Gathering default constraints
8/28/2022 4:18:45 PM	Gathering check constraints
8/28/2022 4:18:45 PM	Gathering views
8/28/2022 4:18:45 PM	Gathering encrypted views
8/28/2022 4:18:46 PM	Gathering indexes
8/28/2022 4:18:46 PM	Gathering statistics
8/28/2022 4:18:46 PM	Gathering full-text index stoplists
8/28/2022 4:18:46 PM	Gathering search property lists
8/28/2022 4:18:46 PM	Gathering search properties
8/28/2022 4:18:46 PM	Gathering full-text indexes
8/28/2022 4:18:46 PM	Gathering column store indexes
8/28/2022 4:18:46 PM	Gathering spatial indexes
8/28/2022 4:18:46 PM	Gathering XML indexes
8/28/2022 4:18:46 PM	Gathering Selective XML indexes
8/28/2022 4:18:47 PM	Gathering encrypted triggers
8/28/2022 4:18:47 PM	Gathering triggers
8/28/2022 4:18:47 PM	Gathering encrypted and clr ddl triggers
8/28/2022 4:18:47 PM	Gathering ddl triggers
8/28/2022 4:18:47 PM	Creating edge constraints
8/28/2022 4:18:47 PM	Gathering synonyms
8/28/2022 4:18:47 PM	Gathering defaults
8/28/2022 4:18:47 PM	Gathering data constraint uddt bindings
8/28/2022 4:18:47 PM	Gathering rules
8/28/2022 4:18:47 PM	Gathering data constraint uddt bindings
8/28/2022 4:18:47 PM	Gathering message types
8/28/2022 4:18:47 PM	Gathering queues
8/28/2022 4:18:47 PM	Gathering contracts
8/28/2022 4:18:47 PM	Gathering services
8/28/2022 4:18:47 PM	Gathering event notifications
8/28/2022 4:18:47 PM	Gathering remote service bindings
8/28/2022 4:18:47 PM	Gathering broker priorities
8/28/2022 4:18:47 PM	Gathering signatures
8/28/2022 4:18:47 PM	Gathering data compression options
8/28/2022 4:18:47 PM	Gathering sequence types
8/28/2022 4:18:47 PM	Gathering security policies
8/28/2022 4:18:47 PM	Gather column encryption keys
8/28/2022 4:18:47 PM	Gathering column master keys
8/28/2022 4:18:47 PM	Gathering external data sources
8/28/2022 4:18:47 PM	Gathering external file formats
8/28/2022 4:18:47 PM	Gathering external tables
8/28/2022 4:18:47 PM	Gathering extended properties
8/28/2022 4:18:47 PM	Gathering assemblies
8/28/2022 4:18:47 PM	Gathering credentials
8/28/2022 4:18:47 PM	Gathering logins
8/28/2022 4:18:47 PM	Gathering server audits
8/28/2022 4:18:49 PM	Scanning project for duplicate elements
8/28/2022 4:18:50 PM	Finished duplicate element processing
8/28/2022 4:18:50 PM	Finished importing database.
8/28/2022 4:18:50 PM	A summary of the import was saved to the following location: D:\Apteach2\Pro3_Sem3\FoodShop\Import Schema Logs\FoodShop_20220828091831.log
8/28/2022 4:18:50 PM	Click Finish to continue...
